Vivado Simulator 2017.4
Time resolution is 1 ps
Warning: NUMERIC_STD."<=": metavalue detected, returning FALSE
Time: 0 ps  Iteration: 0  Process: /Mem_Subsys_Full_TB/UUT/DATAPATH/ALU_Parameterizable/line__62  File: M:/Digital_Design/Labs/group_project/Mem_subsyst_ full_interg/Mem_subsyst_ full_interg.srcs/sources_1/imports/Digital Design/Parameterizable_ALU/Parameterizable_ALU.srcs/sources_1/new/Parameterizable_ALU.vhd
Warning: NUMERIC_STD."=": metavalue detected, returning FALSE
Time: 0 ps  Iteration: 0  Process: /Mem_Subsys_Full_TB/UUT/DATAPATH/ALU_Parameterizable/line__59  File: M:/Digital_Design/Labs/group_project/Mem_subsyst_ full_interg/Mem_subsyst_ full_interg.srcs/sources_1/imports/Digital Design/Parameterizable_ALU/Parameterizable_ALU.srcs/sources_1/new/Parameterizable_ALU.vhd
Warning: NUMERIC_STD."=": metavalue detected, returning FALSE
Time: 0 ps  Iteration: 0  Process: /Mem_Subsys_Full_TB/UUT/DATAPATH/ALU_Parameterizable/line__57  File: M:/Digital_Design/Labs/group_project/Mem_subsyst_ full_interg/Mem_subsyst_ full_interg.srcs/sources_1/imports/Digital Design/Parameterizable_ALU/Parameterizable_ALU.srcs/sources_1/new/Parameterizable_ALU.vhd
Warning: NUMERIC_STD."=": metavalue detected, returning FALSE
Time: 0 ps  Iteration: 3  Process: /Mem_Subsys_Full_TB/UUT/DATAPATH/ALU_Parameterizable/line__57  File: M:/Digital_Design/Labs/group_project/Mem_subsyst_ full_interg/Mem_subsyst_ full_interg.srcs/sources_1/imports/Digital Design/Parameterizable_ALU/Parameterizable_ALU.srcs/sources_1/new/Parameterizable_ALU.vhd
Warning: NUMERIC_STD."=": metavalue detected, returning FALSE
Time: 0 ps  Iteration: 3  Process: /Mem_Subsys_Full_TB/UUT/DATAPATH/ALU_Parameterizable/line__59  File: M:/Digital_Design/Labs/group_project/Mem_subsyst_ full_interg/Mem_subsyst_ full_interg.srcs/sources_1/imports/Digital Design/Parameterizable_ALU/Parameterizable_ALU.srcs/sources_1/new/Parameterizable_ALU.vhd
Warning: NUMERIC_STD."<=": metavalue detected, returning FALSE
Time: 0 ps  Iteration: 3  Process: /Mem_Subsys_Full_TB/UUT/DATAPATH/ALU_Parameterizable/line__62  File: M:/Digital_Design/Labs/group_project/Mem_subsyst_ full_interg/Mem_subsyst_ full_interg.srcs/sources_1/imports/Digital Design/Parameterizable_ALU/Parameterizable_ALU.srcs/sources_1/new/Parameterizable_ALU.vhd
Warning: NUMERIC_STD."=": metavalue detected, returning FALSE
Time: 5 ns  Iteration: 7  Process: /Mem_Subsys_Full_TB/UUT/DATAPATH/ALU_Parameterizable/line__57  File: M:/Digital_Design/Labs/group_project/Mem_subsyst_ full_interg/Mem_subsyst_ full_interg.srcs/sources_1/imports/Digital Design/Parameterizable_ALU/Parameterizable_ALU.srcs/sources_1/new/Parameterizable_ALU.vhd
Warning: NUMERIC_STD."=": metavalue detected, returning FALSE
Time: 5 ns  Iteration: 7  Process: /Mem_Subsys_Full_TB/UUT/DATAPATH/ALU_Parameterizable/line__59  File: M:/Digital_Design/Labs/group_project/Mem_subsyst_ full_interg/Mem_subsyst_ full_interg.srcs/sources_1/imports/Digital Design/Parameterizable_ALU/Parameterizable_ALU.srcs/sources_1/new/Parameterizable_ALU.vhd
Warning: NUMERIC_STD."<=": metavalue detected, returning FALSE
Time: 5 ns  Iteration: 7  Process: /Mem_Subsys_Full_TB/UUT/DATAPATH/ALU_Parameterizable/line__62  File: M:/Digital_Design/Labs/group_project/Mem_subsyst_ full_interg/Mem_subsyst_ full_interg.srcs/sources_1/imports/Digital Design/Parameterizable_ALU/Parameterizable_ALU.srcs/sources_1/new/Parameterizable_ALU.vhd
